INFO:utils.util_logger:Start
INFO:utils.util_logger:Start
INFO:utils.util_logger:Erkannt: hallo welt
INFO:utils.util_logger:Erkannt: timer eine stunde eine minute eine sekunde
INFO:utils.util_logger:Erkannt: nun
INFO:utils.util_logger:Erkannt: eins
INFO:utils.util_logger:Erkannt: timer
INFO:utils.util_logger:Erkannt: timer
INFO:utils.util_logger:Erkannt: hallo
INFO:utils.util_logger:Erkannt: hallo welt
INFO:utils.util_logger:Erkannt: hey alexa test
INFO:utils.util_logger:Erkannt: hey alexa test
INFO:utils.util_logger:Erkannt: test
INFO:utils.util_logger:Erkannt: hey alexa stellt timer eine stunde eine minute eine sekunde
INFO:utils.util_logger:Erkannt: hey alexa stellt heim eine stunde eine minute einer sekunde
INFO:utils.util_logger:Erkannt: hey alexa still timer eine minute eine stunde eine sekunde
INFO:utils.util_logger:Erkannt: hey alexa stellt timer eine stunde eine minute eine sekunde
INFO:utils.util_logger:Erkannt: hey alexa uhr
INFO:utils.util_logger:Erkannt: hey alexa uhr
INFO:utils.util_logger:Erkannt: hey alexa zur uhr
INFO:utils.util_logger:Erkannt: hey alexa uhr
INFO:utils.util_logger:Erkannt: hey alexa test
INFO:utils.util_logger:Erkannt: hey alexa test
INFO:utils.util_logger:Erkannt: hey alexa test
INFO:utils.util_logger:Erkannt: hey alex so uhr
INFO:utils.util_logger:Erkannt: hey alexa uhr
INFO:utils.util_logger:Erkannt: hey alexa uhr
INFO:utils.util_logger:Erkannt: helga heck
INFO:utils.util_logger:Erkannt: hey alexa füge ein to do hinzu
INFO:utils.util_logger:Erkannt: hey alexa füge ein todo hinzu
INFO:utils.util_logger:Erkannt: hey alex der füge ein todo in zu
INFO:utils.util_logger:Erkannt: hey alexa füge ein zu dumm blablabla hinzu
INFO:utils.util_logger:Erkannt: hey alexis fühlte blabla hinzu
INFO:utils.util_logger:Erkannt: hey alexa
INFO:utils.util_logger:Erkannt: hey alex sehr viel getue hinzu blablabla
INFO:utils.util_logger:Erkannt: hey alexa ficke typ du test hinzu
INFO:utils.util_logger:Erkannt: hey alexa flüge zu du test hinzu
INFO:utils.util_logger:Erkannt: hey alexis füge todo hinzu
INFO:utils.util_logger:Erkannt: hey alexa füge tür du test hinzu
INFO:utils.util_logger:Erkannt: hey alexa flüge todo text hinzu
INFO:utils.util_logger:Erkannt: hey alexa uhr
INFO:utils.util_logger:Erkannt: tun
INFO:utils.util_logger:Erkannt: tun
INFO:utils.util_logger:Erkannt: tun
INFO:utils.util_logger:Erkannt: hey alexa hügel todo hallo welt hinzu
INFO:utils.util_logger:Erkannt: hey alexa timer zehn minuten
INFO:utils.util_logger:Erkannt: hey vorwurf
INFO:utils.util_logger:Erkannt: hey alexa still timer zehn minuten
INFO:utils.util_logger:Erkannt: hey alexa stellt heimat zehn minuten
INFO:utils.util_logger:Erkannt: hey alexa stellt heimat zehn minuten
INFO:utils.util_logger:Erkannt: hey alexa stellt timer zehn minuten
INFO:utils.util_logger:Erkannt: hey alexa stellt timer zehn minuten
INFO:utils.util_logger:Erkannt: fehler
INFO:utils.util_logger:Erkannt: oder so türmchen
INFO:utils.util_logger:Erkannt: die muss hätte südtirol aus
INFO:utils.util_logger:Erkannt: hey alex stellt timer zehn minuten
INFO:utils.util_logger:Erkannt: hey alexa stellt timer zehn minuten shop
INFO:utils.util_logger:Erkannt: hey alex herstellt heimat zehn minuten
INFO:utils.util_logger:Erkannt: hey alexa still timer zehn minuten
INFO:utils.util_logger:Erkannt: hey alex der stellt heime eine minute
INFO:utils.util_logger:Erkannt: hey alexa stellt timer eine minute
INFO:utils.util_logger:Erkannt: hey alexa stellt timer eins menü
INFO:utils.util_logger:Erkannt: hey alexa stellt timer eins minute
INFO:utils.util_logger:Erkannt: hey alexis stellt timer zwei minuten
INFO:utils.util_logger:Erkannt: hey alexa stellt timer zehn minuten
INFO:utils.util_logger:Erkannt: gibt
INFO:utils.util_logger:Erkannt: hey alexa stellt timer eine minute
INFO:utils.util_logger:Erkannt: hey alexa stellt timer zwei minuten
INFO:utils.util_logger:Erkannt: hey alexa der timer zwei stunden zwei minuten zwei sekunden
INFO:utils.util_logger:Erkannt: tun
INFO:utils.util_logger:Erkannt: bla bla grad irgend etwas hey alexa uhr
INFO:utils.util_logger:Erkannt: blablabla ich krieg grad wiese mal etwas hey alexa sätze timer zehn minuten
INFO:utils.util_logger:Erkannt: hey alexa stellt timer eine minute und eine sekunde
INFO:utils.util_logger:Erkannt: timer gestellt führen
INFO:utils.util_logger:Erkannt: nun hey alexa stellt timer zwei minuten und zwei sekunden
INFO:utils.util_logger:Erkannt: hey alexa stellt timer eine minute
INFO:utils.util_logger:Erkannt: timer gestellt für
INFO:utils.util_logger:Erkannt: hey alexa stellt timer eine minute
INFO:utils.util_logger:Erkannt: timer gestellt führen
INFO:utils.util_logger:Erkannt: arge abmelden
INFO:utils.util_logger:Erkannt: nun
INFO:utils.util_logger:Erkannt: minuten können
INFO:utils.util_logger:Erkannt: bremen
INFO:utils.util_logger:Erkannt: die frage welches
INFO:utils.util_logger:Erkannt: baby registriert sein lediglich die sich reime gibt eine person des piesecke paar berieseln europas werbung oder des samaras
INFO:utils.util_logger:Erkannt: billige flüge wie wohnte gamer liegen hier
INFO:utils.util_logger:Erkannt: einer der bringen von grüne blätter sind j noch im begehbar leo kollegen ignorieren
INFO:utils.util_logger:Erkannt: hey alexa stellt timer eine minute
INFO:utils.util_logger:Erkannt: timer gestellt vereins minute
INFO:utils.util_logger:Erkannt: hey alexa stellt heimat zehn sekunden
INFO:utils.util_logger:Erkannt: hey alexa stellt timer zehn sekunden
INFO:utils.util_logger:Erkannt: timer gestellt für zehn sekunden
INFO:utils.util_logger:Erkannt: hey alexa stellt timer zehn sekunden
INFO:utils.util_logger:Erkannt: timer gestellt für zehn sekunden raum
INFO:utils.util_logger:Erkannt: hi
INFO:utils.util_logger:Erkannt: augen auch du musst bin ich über und
INFO:utils.util_logger:Erkannt: kürzung sekunden
INFO:utils.util_logger:Erkannt: hm
INFO:utils.util_logger:Erkannt: nun
INFO:utils.util_logger:Erkannt: redakteurs retten
INFO:utils.util_logger:Erkannt: axel
INFO:utils.util_logger:Erkannt: durch story spätjahrs bereits in schicksal erfordert jedoch nicht epigramme becker schlüssig ruhe der regel schüttelte menü entfernt mini riesen für die deutsche
INFO:utils.util_logger:Erkannt: hey alexa stellt timer zehn sekunden
INFO:utils.util_logger:Erkannt: timer gestellt für zehn sekunden timer ist zu ende
INFO:utils.util_logger:Erkannt: hey alexa stellt timer zehn sekunden
INFO:utils.util_logger:Erkannt: timer gestellt für zehn sekunden timer ist zu ende
INFO:utils.util_logger:Erkannt: hey alexa stellt heimat zehn sekunden
INFO:utils.util_logger:Erkannt: hey alexa stellt timer zehn sekunden
INFO:utils.util_logger:Erkannt: hey alexa stellt timer zehn sekunden
INFO:utils.util_logger:Erkannt: keiner gestellt für zehn sekunden timer ist zu ende
INFO:utils.util_logger:Erkannt: hey alexa stellt heimat zehn sekunden
INFO:utils.util_logger:Erkannt: hey alexa stellt timer zehn sekunden
INFO:utils.util_logger:Erkannt: hey alexa schild timer zehn sekunden
INFO:utils.util_logger:Erkannt: hey alexa stellt heimat zehn sekunden
INFO:utils.util_logger:Erkannt: hey alexa stellt timer zehn sekunden
INFO:utils.util_logger:Erkannt: timer gestellt für null stunde null minute zehn sekunden
INFO:utils.util_logger:Erkannt: ehrlich so
INFO:utils.util_logger:Erkannt: hey alexa
INFO:utils.util_logger:Erkannt: hey alexa stillt timer zehn minuten
INFO:utils.util_logger:Erkannt: timer gestellt für null stunde null minute null sekunden timer ist zu ende
INFO:utils.util_logger:Erkannt: hey alexa stellt timer zehn sekunden
INFO:utils.util_logger:Erkannt: hey alexa stellt timer zehn sekunden
INFO:utils.util_logger:Erkannt: hey alex herstellt timer eine minute
INFO:utils.util_logger:Erkannt: hey alexa stellt timer eine sie müsse kunde
INFO:utils.util_logger:Erkannt: hi alexa uhr
INFO:utils.util_logger:Erkannt: hey alexa uhr
INFO:utils.util_logger:Erkannt: hey alexa uhr
INFO:utils.util_logger:Erkannt: hey alexa uhr
INFO:utils.util_logger:Erkannt: hey alexa uhr
INFO:utils.util_logger:Erkannt: hey alexa uhr
INFO:utils.util_logger:Erkannt: hey alexa uhr
INFO:utils.util_logger:Erkannt: hey alexa uhr
INFO:utils.util_logger:Erkannt: hey alexa uhr
INFO:utils.util_logger:Erkannt: hey alexa uhr
INFO:utils.util_logger:Erkannt: hey alexa uhr
INFO:utils.util_logger:Erkannt: also halt die sie einen ganz schönen schöner tag hey alexa wieviel uhr haben wir gerade
INFO:utils.util_logger:Erkannt: die aktuelle uhrzeit ist achtzehn uhr fünfzehn
INFO:utils.util_logger:Erkannt: hey alexa sätze timer eine minute
INFO:utils.util_logger:Erkannt: hey anlegt so sätze timer eine minute
INFO:utils.util_logger:Erkannt: nun hey alexa sätze timer eine minute
INFO:utils.util_logger:Erkannt: hey alexa sätze timer zwei minuten
INFO:utils.util_logger:Erkannt: hey alex sätze timer eine minute
INFO:utils.util_logger:Erkannt: hey alexa sätze timer eine minute
INFO:utils.util_logger:Erkannt: die usa die erste bombe vergnügen die zweite und die folgen sind verheerend innerhalb von sekunden sind zehntausende menschen sofort tod viele weitere sterben kurze zeit später bis ende neunzehnhundertfünfundvierzig gibt es in ärger sag ihr rund vier und siebzigtausend tote hiroshima sogar einhundert vierzigtausend die
INFO:utils.util_logger:Erkannt: samt zahl der opfer wird heute auf rund dreihundert siebzigtausend geschätzt nur wenige tage nach revanche mount nagasaki liegt japan die waffen nieder und zweiten september folgt ein die bedingungslose kapitulation und auch wenn heute einige historiker daran zweifeln dass die atombomben tatsächlich den letzten ausschlag gegeben haben
INFO:utils.util_logger:Erkannt: außer der kriegseintritt der sowjetunion gegen japan entscheidend war es ganz klar diese beiden bomben verändern alles so etwas hatte die welt nie zuvor gesehen so folgenreich war keine andere der in der geschichte der menschheit in ihrer ersten resolution am vier uns artisten januar neunzehnhundertsechsundvierzig fordert die generalversammlung der vereinten nationen
INFO:utils.util_logger:Erkannt: vollständige abschaffung von nuklearer allerdings ohne erfolg die büchse der pandora ist geöffnet ende august neunzehnhundertsechsundvierzig testet auf die sowjetunion ihre erste atom damit hundertzweiundfünfzig wohl großbritannien neunzehnhundertsechzig frankreich vierundsechzig schien es mir mit der neunzehnhundert sechziger jahre gibt es also von staaten die atomwaffen aus ihrer sicht erfolgreich geführt
INFO:utils.util_logger:Erkannt: hey alexa sätze timer eine minute
INFO:utils.util_logger:Erkannt: hey alexis sätze timer eine minute
INFO:utils.util_logger:Erkannt: nun hey alexa
INFO:utils.util_logger:Erkannt: hey alexa
INFO:utils.util_logger:Erkannt: hey alexa blablabla
INFO:utils.util_logger:Erkannt: hey alexa sätze timer eine minute
INFO:utils.util_logger:Erkannt: geil
INFO:utils.util_logger:Erkannt: hey alexa sätze timer eine minute
INFO:utils.util_logger:Erkannt: hey alexa sätze timer eine minute
INFO:utils.util_logger:Erkannt: hey alexa sitze timer zwei minuten
INFO:utils.util_logger:Erkannt: hey alexa sätze timer eine minute
INFO:utils.util_logger:Erkannt: hey alexa wieviel uhr haben wir gerade
INFO:utils.util_logger:Erkannt: hey alexander wieviel uhr haben wir gerade
INFO:utils.util_logger:Erkannt: hey alexa uhr
INFO:utils.util_logger:Erkannt: hey alex der uhr
INFO:utils.util_logger:Erkannt: hey alexa uhr
INFO:utils.util_logger:Erkannt: hey alexa uhr
INFO:utils.util_logger:Erkannt: die aktuelle uhrzeit ist neunzehn uhr ziehen
INFO:utils.util_logger:Erkannt: hey alexa sätze timer ein zwei minuten
INFO:utils.util_logger:Erkannt: hey alexa sätze timer eine minute
INFO:utils.util_logger:Erkannt: hey alexa setzt thema eine stunde eine minute einer sekunde
INFO:utils.util_logger:Erkannt: nun hey alexa sätze timer eine stunde eine minute eine sekunde
INFO:utils.util_logger:Erkannt: hey alexa stellt timer zehn sekunden
INFO:utils.util_logger:Erkannt: timer gestaltet
INFO:utils.util_logger:Erkannt: nun
INFO:utils.util_logger:Erkannt: hey alex herstellt timer zehn sekunden
INFO:utils.util_logger:Erkannt: hey alexa stellt heimat zehn sekunden
INFO:utils.util_logger:Erkannt: hey alexa stellt heimat zehn sekunden
INFO:utils.util_logger:Erkannt: hey alexa stellt heimat zehn sekunden
INFO:utils.util_logger:Erkannt: hey alexa stellt timer zehn sekunden
INFO:utils.util_logger:Erkannt: timer gestartet
INFO:utils.util_logger:Erkannt: hallo
INFO:utils.util_logger:Erkannt: einen hey alexa
INFO:utils.util_logger:Erkannt: hallo komplett in die leitplanke
INFO:utils.util_logger:Erkannt: appellierte mit festen oder rassen
INFO:utils.util_logger:Erkannt: hey alexa
INFO:utils.util_logger:Erkannt: hey alexa
INFO:utils.util_logger:Erkannt: einen großen
INFO:utils.util_logger:Erkannt: hey alexa
INFO:utils.util_logger:Erkannt: tun
INFO:utils.util_logger:Erkannt: hey alex herstellt timer zehn sekunden
INFO:utils.util_logger:Erkannt: hey alexa stellt heimat zehn sekunden
INFO:utils.util_logger:Erkannt: hey alex
INFO:utils.util_logger:Erkannt: hey alexa stellt heimat zehn sekunden
INFO:utils.util_logger:Erkannt: hey alexa stellt timer zehn sekunden
INFO:utils.util_logger:Erkannt: timer gestaltet
INFO:utils.util_logger:Erkannt: nun timer fertig
INFO:utils.util_logger:Erkannt: tun
INFO:utils.util_logger:Erkannt: hey alex versteckt heimatfilm sekunden
INFO:utils.util_logger:Erkannt: hey alexa stellt timer fünf sekunden
INFO:utils.util_logger:Erkannt: timer gestattet
INFO:utils.util_logger:Erkannt: nun timer fertig
INFO:utils.util_logger:Erkannt: tun
INFO:utils.util_logger:Erkannt: also zur sohle gehören nicht in die angaben schwert oder so sägewerken eingabe
INFO:utils.util_logger:Erkannt: sofort müssen sich anmelden
INFO:utils.util_logger:Erkannt: ist studenten der gewinnschwelle
INFO:utils.util_logger:Erkannt: deswegen wieder das dafür leute es kann
INFO:utils.util_logger:Erkannt: pietro
INFO:utils.util_logger:Erkannt: hey alex stellt timer zehn sekunden
INFO:utils.util_logger:Erkannt: einen hey alex erstellt timer zehn sekunden hey alexa
INFO:utils.util_logger:Erkannt: hey alexa stellt timer zehn sekunden
INFO:utils.util_logger:Erkannt: timer gestartet
INFO:utils.util_logger:Erkannt: einen gebildeten timer fertig
INFO:utils.util_logger:Erkannt: einen
INFO:utils.util_logger:Erkannt: einen
INFO:utils.util_logger:Erkannt: einen
INFO:utils.util_logger:Erkannt: essen
INFO:utils.util_logger:Erkannt: einen
INFO:utils.util_logger:Erkannt: hat geklappt
INFO:utils.util_logger:Erkannt: essen
INFO:utils.util_logger:Erkannt: treffen
INFO:utils.util_logger:Erkannt: essen
INFO:utils.util_logger:Erkannt: es ist als ob ich viel mehr beleidigen als medizinische qualität ob nun möchte ich die vitrinen elemente der brücke können sie sich im feld den roma go michel war geprägt als wir geprüft welche bald durchmesser unvergesslichen der morgige tag so bringt eine enorme liebe dich sprüche zwei betrieb von crm du bist ein alkoholischer mag michel bieber und man bei der babysitter neugewinnung über die droge für aber wieder mehr mit gandalf
INFO:utils.util_logger:Erkannt: hey alexa stellt timer zehn minuten
INFO:utils.util_logger:Erkannt: hey alexa stellt timer zehn minuten
INFO:utils.util_logger:Erkannt: timer gestartet
INFO:utils.util_logger:Erkannt: hey alexa wieviel uhr haben wir gerade
INFO:utils.util_logger:Erkannt: die aktuelle uhrzeit ist zweiundzwanzig uhr viel
